<?xml version="1.0" encoding="UTF-8"?>
<testsuite xmlns:xsi="http://www.w3.org/2001/XMLSchema-instance" xsi:noNamespaceSchemaLocation="https://maven.apache.org/surefire/maven-surefire-plugin/xsd/surefire-test-report.xsd" name="tn.esprit.spring.PisteTest" time="0" tests="5" errors="0" skipped="0" failures="0">
  <properties>
[...]
</properties>
  <testcase name="testGetNamePiste" classname="tn.esprit.spring.PisteTest" time="0"/>
  <testcase name="testGetColor" classname="tn.esprit.spring.PisteTest" time="0"/>
  <testcase name="testGetSlope" classname="tn.esprit.spring.PisteTest" time="0"/>
  <testcase name="testGetNumPiste" classname="tn.esprit.spring.PisteTest" time="0"/>
  <testcase name="testGetLength" classname="tn.esprit.spring.PisteTest" time="0"/>
</testsuite>